Arguments: 
  C:\Program Files\nodejs\node.exe C:\Program Files (x86)\Yarn\bin\yarn.js install --ignore-optional

PATH: 
  C:\Users\leona\bin;C:\Program Files\Git\mingw64\bin;C:\Program Files\Git\usr\local\bin;C:\Program Files\Git\usr\bin;C:\Program Files\Git\usr\bin;C:\Program Files\Git\mingw64\bin;C:\Program Files\Git\usr\bin;C:\Users\leona\bin;C:\Users\leona\Desktop\novo estatitica\Estatistica\node_modules\.bin;C:\Program Files\Microsoft MPI\Bin;C:\Windows\system32;C:\Windows;C:\Windows\System32\Wbem;C:\Windows\System32\WindowsPowerShell\v1.0;C:\Windows\System32\OpenSSH;C:\Program Files\Git\cmd;C:\Program Files (x86)\Microsoft SQL Server\150\Tools\Binn;C:\Program Files\Microsoft SQL Server\150\Tools\Binn;C:\Program Files (x86)\Microsoft SQL Server\150\DTS\Binn;C:\Program Files\Microsoft SQL Server\150\DTS\Binn;C:\Program Files\Microsoft SQL Server\Client SDK\ODBC\170\Tools\Binn;C:\ProgramData\chocolatey\bin;C:\Program Files\nodejs;C:\Program Files (x86)\Yarn\bin;C:\Program Files\Docker\Docker\resources\bin;C:\ProgramData\DockerDesktop\version-bin;C:\Users\leona\AppData\Local\Microsoft\WindowsApps;C:\Program Files\JetBrains\PhpStorm 2020.1\bin;C:\Users\leona\AppData\Roaming\npm;C:\Users\leona\AppData\Local\Yarn\bin;C:\Program Files\heroku\bin;C:\Program Files\Git\usr\bin\vendor_perl;C:\Program Files\Git\usr\bin\core_perl

Yarn version: 
  1.22.4

Node version: 
  14.0.0

Platform: 
  win32 x64

Trace: 
  SyntaxError: C:\Users\leona\Desktop\novo estatitica\Estatistica\package.json: Unexpected token / in JSON at position 441
      at JSON.parse (<anonymous>)
      at C:\Program Files (x86)\Yarn\lib\cli.js:1625:59
      at Generator.next (<anonymous>)
      at step (C:\Program Files (x86)\Yarn\lib\cli.js:310:30)
      at C:\Program Files (x86)\Yarn\lib\cli.js:321:13

npm manifest: 
  {
    "name": "Estatistica",
    "version": "1.0.0",
    "description": "Projeto estatistica",
    "main": "index.js",
    "repository": "https://github.com/leomello1991/Estatistica.git",
    "author": "leonardo melo <leonardomelo60260@gmail.com>",
    "license": "MIT",
    "scripts": {
      "dev": "nodemon src/server.js",
      "dev:debug": "nodemon --inspect src/server.js",
      "start": "node src/server.js"
    },
    "private": true,
    "dependencies": {
     // "@sentry/node": "^5.15.5",
      "bcryptjs": "^2.4.3",
      "dotenv": "^8.2.0",
      "express": "^4.17.1",
     // "express-async-errors": "^3.1.1",
      "jsonwebtoken": "^8.5.1",
      "pg": "^8.1.0",
      "pg-hstore": "^2.3.3",
      "sequelize": "^5.21.8",
      "sequelize-cli": "^5.5.1"
     // "youch": "^2.0.10",
     // "yup": "^0.28.5"
    },
    "devDependencies": {
  
      "eslint": "^6.8.0",
      "eslint-config-airbnb-base": "^14.1.0",
      "eslint-config-prettier": "^6.11.0",
      "eslint-plugin-import": "^2.20.2",
      "eslint-plugin-prettier": "^3.1.3",
      "nodemon": "^2.0.3",
      "prettier": "^2.0.5",
      "sucrase": "^3.14.0"
    }
  }

yarn manifest: 
  No manifest

Lockfile: 
  No lockfile
